This is XeTeX, Version 3.1415926-2.5-0.9999.3 (TeX Live 2013/W32TeX) (format=xelatex 2018.3.1)  30 NOV 2018 16:02
entering extended mode
 restricted \write18 enabled.
 %&-line parsing enabled.
**temp.tex
(./temp.tex
LaTeX2e <2011/06/27>
Babel <3.9f> and hyphenation patterns for 78 languages loaded.

! LaTeX Error: Environment table undefined.

See the LaTeX manual or LaTeX Companion for explanation.
Type  H <return>  for immediate help.
 ...                                              
                                                  
l.3 \begin{table}
                 []
Your command was ignored.
Type  I <command> <return>  to replace it with another command,
or  <return>  to continue without it.


! LaTeX Error: Missing \begin{document}.

See the LaTeX manual or LaTeX Companion for explanation.
Type  H <return>  for immediate help.
 ...                                              
                                                  
l.3 \begin{table}[
                  ]
You're in trouble here.  Try typing  <return>  to proceed.
If that doesn't work, type  X <return>  to quit.

Missing character: There is no [ in font nullfont!
Missing character: There is no ] in font nullfont!
LaTeX Font Info:    External font `cmex10' loaded for size
(Font)              <7> on input line 4.
LaTeX Font Info:    External font `cmex10' loaded for size
(Font)              <5> on input line 4.
Missing character: There is no ن in font nullfont!
Missing character: There is no و in font nullfont!
Missing character: There is no ع in font nullfont!
Missing character: There is no ش in font nullfont!
Missing character: There is no ب in font nullfont!
Missing character: There is no ک in font nullfont!
Missing character: There is no ه in font nullfont!
Missing character: There is no ش in font nullfont!
Missing character: There is no ب in font nullfont!
Missing character: There is no ک in font nullfont!
Missing character: There is no ه in font nullfont!
Missing character: There is no ‌ in font nullfont!
Missing character: There is no ه in font nullfont!
Missing character: There is no ا in font nullfont!
Missing character: There is no ی in font nullfont!
Missing character: There is no ز in font nullfont!
Missing character: There is no ی in font nullfont!
Missing character: There is no ر in font nullfont!
Missing character: There is no م in font nullfont!
Missing character: There is no ج in font nullfont!
Missing character: There is no م in font nullfont!
Missing character: There is no و in font nullfont!
Missing character: There is no ع in font nullfont!
Missing character: There is no ه in font nullfont!
Missing character: There is no و in font nullfont!
Missing character: There is no ی in font nullfont!
Missing character: There is no ژ in font nullfont!
Missing character: There is no گ in font nullfont!
Missing character: There is no ی in font nullfont!
Missing character: There is no ‌ in font nullfont!
Missing character: There is no ه in font nullfont!
Missing character: There is no ا in font nullfont!
Missing character: There is no م in font nullfont!
Missing character: There is no ث in font nullfont!
Missing character: There is no ا in font nullfont!
Missing character: There is no ل in font nullfont!
! Undefined control sequence.
<recently read> \multirow 
                          
l.7 \multirow
             {3}{*}{شبکه‌های درون وابسته} & شبکه‌ه...
The control sequence at the end of the top line
of your error message was never \def'ed. If you have
misspelled it (e.g., `\hobx'), type `I' and the correct
spelling (e.g., `I\hbox'). Otherwise just continue,
and I'll forget about whatever was undefined.

Missing character: There is no 3 in font nullfont!
Missing character: There is no * in font nullfont!
Missing character: There is no ش in font nullfont!
Missing character: There is no ب in font nullfont!
Missing character: There is no ک in font nullfont!
Missing character: There is no ه in font nullfont!
Missing character: There is no ‌ in font nullfont!
Missing character: There is no ه in font nullfont!
Missing character: There is no ا in font nullfont!
Missing character: There is no ی in font nullfont!
Missing character: There is no د in font nullfont!
Missing character: There is no ر in font nullfont!
Missing character: There is no و in font nullfont!
Missing character: There is no ن in font nullfont!
Missing character: There is no و in font nullfont!
Missing character: There is no ا in font nullfont!
Missing character: There is no ب in font nullfont!
Missing character: There is no س in font nullfont!
Missing character: There is no ت in font nullfont!
Missing character: There is no ه in font nullfont!
Missing character: There is no ش in font nullfont!
Missing character: There is no ب in font nullfont!
Missing character: There is no ک in font nullfont!
Missing character: There is no ه in font nullfont!
Missing character: There is no ‌ in font nullfont!
Missing character: There is no ه in font nullfont!
Missing character: There is no ا in font nullfont!
Missing character: There is no ی in font nullfont!
Missing character: There is no د in font nullfont!
Missing character: There is no ر in font nullfont!
Missing character: There is no و in font nullfont!
Missing character: There is no ن in font nullfont!
Missing character: There is no م in font nullfont!
Missing character: There is no ت in font nullfont!
Missing character: There is no ص in font nullfont!
Missing character: There is no ل in font nullfont!
! Undefined control sequence.
l.8 \multirow
             {3}{*}{گره ها و یال ها دارای جنس های مت...
The control sequence at the end of the top line
of your error message was never \def'ed. If you have
misspelled it (e.g., `\hobx'), type `I' and the correct
spelling (e.g., `I\hbox'). Otherwise just continue,
and I'll forget about whatever was undefined.

Missing character: There is no 3 in font nullfont!
Missing character: There is no * in font nullfont!
Missing character: There is no گ in font nullfont!
Missing character: There is no ر in font nullfont!
Missing character: There is no ه in font nullfont!
Missing character: There is no ه in font nullfont!
Missing character: There is no ا in font nullfont!
Missing character: There is no و in font nullfont!
Missing character: There is no ی in font nullfont!
Missing character: There is no ا in font nullfont!
Missing character: There is no ل in font nullfont!
Missing character: There is no ه in font nullfont!
Missing character: There is no ا in font nullfont!
Missing character: There is no د in font nullfont!
Missing character: There is no ا in font nullfont!
Missing character: There is no ر in font nullfont!
Missing character: There is no ا in font nullfont!
Missing character: There is no ی in font nullfont!
Missing character: There is no ج in font nullfont!
Missing character: There is no ن in font nullfont!
Missing character: There is no س in font nullfont!
Missing character: There is no ه in font nullfont!
Missing character: There is no ا in font nullfont!
Missing character: There is no ی in font nullfont!
Missing character: There is no م in font nullfont!
Missing character: There is no ت in font nullfont!
Missing character: There is no ف in font nullfont!
Missing character: There is no ا in font nullfont!
Missing character: There is no و in font nullfont!
Missing character: There is no ت in font nullfont!
Missing character: There is no ی in font nullfont!
Missing character: There is no ه in font nullfont!
Missing character: There is no س in font nullfont!
Missing character: There is no ت in font nullfont!
Missing character: There is no ن in font nullfont!
Missing character: There is no د in font nullfont!
Missing character: There is no . in font nullfont!
Missing character: There is no ه in font nullfont!
Missing character: There is no ر in font nullfont!
Missing character: There is no م in font nullfont!
Missing character: There is no ج in font nullfont!
Missing character: There is no م in font nullfont!
Missing character: There is no و in font nullfont!
Missing character: There is no ع in font nullfont!
Missing character: There is no ه in font nullfont!
Missing character: There is no گ in font nullfont!
Missing character: There is no ر in font nullfont!
Missing character: There is no ه in font nullfont!
Missing character: There is no و in font nullfont!
Missing character: There is no ی in font nullfont!
Missing character: There is no ا in font nullfont!
Missing character: There is no ل in font nullfont!
Missing character: There is no ه in font nullfont!
Missing character: There is no م in font nullfont!
Missing character: There is no ج in font nullfont!
Missing character: There is no ن in font nullfont!
Missing character: There is no س in font nullfont!
Missing character: There is no ب in font nullfont!
Missing character: There is no ه in font nullfont!
Missing character: There is no ش in font nullfont!
Missing character: There is no ک in font nullfont!
Missing character: There is no ل in font nullfont!
Missing character: There is no ی in font nullfont!
Missing character: There is no ک in font nullfont!
Missing character: There is no ل in font nullfont!
Missing character: There is no ا in font nullfont!
Missing character: There is no ی in font nullfont!
Missing character: There is no ه in font nullfont!
Missing character: There is no ج in font nullfont!
Missing character: There is no د in font nullfont!
Missing character: There is no ا in font nullfont!
Missing character: There is no گ in font nullfont!
Missing character: There is no ا in font nullfont!
Missing character: There is no ن in font nullfont!
Missing character: There is no ه in font nullfont!
Missing character: There is no د in font nullfont!
Missing character: There is no ر in font nullfont!
Missing character: There is no ن in font nullfont!
Missing character: There is no ظ in font nullfont!
Missing character: There is no ر in font nullfont!
Missing character: There is no گ in font nullfont!
Missing character: There is no ر in font nullfont!
Missing character: There is no ف in font nullfont!
Missing character: There is no ت in font nullfont!
Missing character: There is no ه in font nullfont!
Missing character: There is no م in font nullfont!
Missing character: There is no ی in font nullfont!
Missing character: There is no ش in font nullfont!
Missing character: There is no و in font nullfont!
Missing character: There is no د in font nullfont!
Missing character: There is no . in font nullfont!
Missing character: There is no ب in font nullfont!
Missing character: There is no ه in font nullfont!
Missing character: There is no ی in font nullfont!
Missing character: There is no ا in font nullfont!
Missing character: There is no ل in font nullfont!
Missing character: There is no ه in font nullfont!
Missing character: There is no ا in font nullfont!
Missing character: There is no ی in font nullfont!
Missing character: There is no ی in font nullfont!
Missing character: There is no ک in font nullfont!
Missing character: There is no ه in font nullfont!
Missing character: There is no ل in font nullfont!
Missing character: There is no ا in font nullfont!
Missing character: There is no ی in font nullfont!
Missing character: There is no ه in font nullfont!
Missing character: There is no ه in font nullfont!
Missing character: There is no ا in font nullfont!
Missing character: There is no ی in font nullfont!
Missing character: There is no م in font nullfont!
Missing character: There is no خ in font nullfont!
Missing character: There is no ت in font nullfont!
Missing character: There is no ل in font nullfont!
Missing character: There is no ف in font nullfont!
Missing character: There is no ر in font nullfont!
Missing character: There is no ا in font nullfont!
Missing character: There is no ب in font nullfont!
Missing character: There is no ه in font nullfont!
Missing character: There is no ه in font nullfont!
Missing character: There is no م in font nullfont!
Missing character: There is no م in font nullfont!
Missing character: There is no ت in font nullfont!
Missing character: There is no ص in font nullfont!
Missing character: There is no ل in font nullfont!
Missing character: There is no م in font nullfont!
Missing character: There is no ی in font nullfont!
Missing character: There is no ک in font nullfont!
Missing character: There is no ن in font nullfont!
Missing character: There is no د in font nullfont!
Missing character: There is no ، in font nullfont!
Missing character: There is no ی in font nullfont!
Missing character: There is no ا in font nullfont!
Missing character: There is no ل in font nullfont!
Missing character: There is no و in font nullfont!
Missing character: There is no ا in font nullfont!
Missing character: There is no ب in font nullfont!
Missing character: There is no س in font nullfont!
Missing character: There is no ت in font nullfont!
Missing character: There is no گ in font nullfont!
Missing character: There is no ی in font nullfont!
Missing character: There is no گ in font nullfont!
Missing character: There is no ف in font nullfont!
Missing character: There is no ت in font nullfont!
Missing character: There is no ه in font nullfont!
Missing character: There is no م in font nullfont!
Missing character: There is no ی in font nullfont!
Missing character: There is no ش in font nullfont!
Missing character: There is no و in font nullfont!
Missing character: There is no د in font nullfont!
! Undefined control sequence.
l.9 & \multirow
               {3}{*}{دو}       \\ \cline{2-2}
The control sequence at the end of the top line
of your error message was never \def'ed. If you have
misspelled it (e.g., `\hobx'), type `I' and the correct
spelling (e.g., `I\hbox'). Otherwise just continue,
and I'll forget about whatever was undefined.

Missing character: There is no 3 in font nullfont!
Missing character: There is no * in font nullfont!
Missing character: There is no د in font nullfont!
Missing character: There is no و in font nullfont!
Missing character: There is no ش in font nullfont!
Missing character: There is no ب in font nullfont!
Missing character: There is no ک in font nullfont!
Missing character: There is no ه in font nullfont!
Missing character: There is no ‌ in font nullfont!
Missing character: There is no ه in font nullfont!
Missing character: There is no ا in font nullfont!
Missing character: There is no ی in font nullfont!
Missing character: There is no ت in font nullfont!
Missing character: There is no ع in font nullfont!
Missing character: There is no ا in font nullfont!
Missing character: There is no م in font nullfont!
Missing character: There is no ل in font nullfont!
Missing character: There is no ‌ in font nullfont!
Missing character: There is no ک in font nullfont!
Missing character: There is no ن in font nullfont!
Missing character: There is no ن in font nullfont!
Missing character: There is no د in font nullfont!
Missing character: There is no ه in font nullfont!
Missing character: There is no ش in font nullfont!
Missing character: There is no ب in font nullfont!
Missing character: There is no ک in font nullfont!
Missing character: There is no ه in font nullfont!
Missing character: There is no ‌ in font nullfont!
Missing character: There is no ا in font nullfont!
Missing character: There is no ی in font nullfont!
Missing character: There is no ا in font nullfont!
Missing character: There is no ز in font nullfont!
Missing character: There is no ش in font nullfont!
Missing character: There is no ب in font nullfont!
Missing character: There is no ک in font nullfont!
Missing character: There is no ه in font nullfont!
Missing character: There is no ‌ in font nullfont!
Missing character: There is no ه in font nullfont!
Missing character: There is no ا in font nullfont!
! Undefined control sequence.
<recently read> \multirow 
                          
l.12 \multirow
              {2}{*}{شبکه‌های چندنوعی}     & شبکه‌ها...
The control sequence at the end of the top line
of your error message was never \def'ed. If you have
misspelled it (e.g., `\hobx'), type `I' and the correct
spelling (e.g., `I\hbox'). Otherwise just continue,
and I'll forget about whatever was undefined.

Missing character: There is no 2 in font nullfont!
Missing character: There is no * in font nullfont!
Missing character: There is no ش in font nullfont!
Missing character: There is no ب in font nullfont!
Missing character: There is no ک in font nullfont!
Missing character: There is no ه in font nullfont!
Missing character: There is no ‌ in font nullfont!
Missing character: There is no ه in font nullfont!
Missing character: There is no ا in font nullfont!
Missing character: There is no ی in font nullfont!
Missing character: There is no چ in font nullfont!
Missing character: There is no ن in font nullfont!
Missing character: There is no د in font nullfont!
Missing character: There is no ن in font nullfont!
Missing character: There is no و in font nullfont!
Missing character: There is no ع in font nullfont!
Missing character: There is no ی in font nullfont!
Missing character: There is no ش in font nullfont!
Missing character: There is no ب in font nullfont!
Missing character: There is no ک in font nullfont!
Missing character: There is no ه in font nullfont!
Missing character: There is no ‌ in font nullfont!
Missing character: There is no ه in font nullfont!
Missing character: There is no ا in font nullfont!
Missing character: There is no ی in font nullfont!
Missing character: There is no ن in font nullfont!
Missing character: There is no ا in font nullfont!
Missing character: There is no ه in font nullfont!
Missing character: There is no م in font nullfont!
Missing character: There is no ‌ in font nullfont!
Missing character: There is no گ in font nullfont!
Missing character: There is no و in font nullfont!
Missing character: There is no ن in font nullfont!
! Undefined control sequence.
l.13 \multirow
              {2}{*}{سه}
The control sequence at the end of the top line
of your error message was never \def'ed. If you have
misspelled it (e.g., `\hobx'), type `I' and the correct
spelling (e.g., `I\hbox'). Otherwise just continue,
and I'll forget about whatever was undefined.

Missing character: There is no 2 in font nullfont!
Missing character: There is no * in font nullfont!
Missing character: There is no س in font nullfont!
Missing character: There is no ه in font nullfont!
! Undefined control sequence.
l.14 & \multirow
                {2}{*}{چهار}
The control sequence at the end of the top line
of your error message was never \def'ed. If you have
misspelled it (e.g., `\hobx'), type `I' and the correct
spelling (e.g., `I\hbox'). Otherwise just continue,
and I'll forget about whatever was undefined.

Missing character: There is no 2 in font nullfont!
Missing character: There is no * in font nullfont!
Missing character: There is no چ in font nullfont!
Missing character: There is no ه in font nullfont!
Missing character: There is no ا in font nullfont!
Missing character: There is no ر in font nullfont!
Missing character: There is no ش in font nullfont!
Missing character: There is no ب in font nullfont!
Missing character: There is no ک in font nullfont!
Missing character: There is no ه in font nullfont!
Missing character: There is no ‌ in font nullfont!
Missing character: There is no ه in font nullfont!
Missing character: There is no ا in font nullfont!
Missing character: There is no ی in font nullfont!
Missing character: There is no چ in font nullfont!
Missing character: There is no ن in font nullfont!
Missing character: There is no د in font nullfont!
Missing character: There is no ب in font nullfont!
Missing character: There is no ع in font nullfont!
Missing character: There is no د in font nullfont!
Missing character: There is no ی in font nullfont!
! Undefined control sequence.
<recently read> \multirow 
                          
l.17 \multirow
              {2}{*}{شبکه‌های چندگانه}     & شبکه‌ها...
The control sequence at the end of the top line
of your error message was never \def'ed. If you have
misspelled it (e.g., `\hobx'), type `I' and the correct
spelling (e.g., `I\hbox'). Otherwise just continue,
and I'll forget about whatever was undefined.

Missing character: There is no 2 in font nullfont!
Missing character: There is no * in font nullfont!
Missing character: There is no ش in font nullfont!
Missing character: There is no ب in font nullfont!
Missing character: There is no ک in font nullfont!
Missing character: There is no ه in font nullfont!
Missing character: There is no ‌ in font nullfont!
Missing character: There is no ه in font nullfont!
Missing character: There is no ا in font nullfont!
Missing character: There is no ی in font nullfont!
Missing character: There is no چ in font nullfont!
Missing character: There is no ن in font nullfont!
Missing character: There is no د in font nullfont!
Missing character: There is no گ in font nullfont!
Missing character: There is no ا in font nullfont!
Missing character: There is no ن in font nullfont!
Missing character: There is no ه in font nullfont!
Missing character: There is no ش in font nullfont!
Missing character: There is no ب in font nullfont!
Missing character: There is no ک in font nullfont!
Missing character: There is no ه in font nullfont!
Missing character: There is no ‌ in font nullfont!
Missing character: There is no ه in font nullfont!
Missing character: There is no ا in font nullfont!
Missing character: There is no ی in font nullfont!
Missing character: There is no چ in font nullfont!
Missing character: There is no ن in font nullfont!
Missing character: There is no د in font nullfont!
Missing character: There is no ر in font nullfont!
Missing character: There is no ا in font nullfont!
Missing character: There is no ب in font nullfont!
Missing character: There is no ط in font nullfont!
Missing character: There is no ه in font nullfont!
Missing character: There is no ‌ in font nullfont!
Missing character: There is no ا in font nullfont!
Missing character: There is no ی in font nullfont!
! Undefined control sequence.
l.18 \multirow
              {2}{*}{پنج}
The control sequence at the end of the top line
of your error message was never \def'ed. If you have
misspelled it (e.g., `\hobx'), type `I' and the correct
spelling (e.g., `I\hbox'). Otherwise just continue,
and I'll forget about whatever was undefined.

Missing character: There is no 2 in font nullfont!
Missing character: There is no * in font nullfont!
Missing character: There is no پ in font nullfont!
Missing character: There is no ن in font nullfont!
Missing character: There is no ج in font nullfont!
! Undefined control sequence.
l.19 & \multirow
                {2}{*}{شش}
The control sequence at the end of the top line
of your error message was never \def'ed. If you have
misspelled it (e.g., `\hobx'), type `I' and the correct
spelling (e.g., `I\hbox'). Otherwise just continue,
and I'll forget about whatever was undefined.

Missing character: There is no 2 in font nullfont!
Missing character: There is no * in font nullfont!
Missing character: There is no ش in font nullfont!
Missing character: There is no ش in font nullfont!
Missing character: There is no ش in font nullfont!
Missing character: There is no ب in font nullfont!
Missing character: There is no ک in font nullfont!
Missing character: There is no ه in font nullfont!
Missing character: There is no ‌ in font nullfont!
Missing character: There is no ه in font nullfont!
Missing character: There is no ا in font nullfont!
Missing character: There is no ی in font nullfont!
Missing character: There is no چ in font nullfont!
Missing character: There is no ن in font nullfont!
Missing character: There is no د in font nullfont!
Missing character: There is no م in font nullfont!
Missing character: There is no ن in font nullfont!
Missing character: There is no ظ in font nullfont!
Missing character: There is no ر in font nullfont!

! LaTeX Error: \begin{document} ended by \end{table}.

See the LaTeX manual or LaTeX Companion for explanation.
Type  H <return>  for immediate help.
 ...                                              
                                                  
l.23 \end{table}
                
Your command was ignored.
Type  I <command> <return>  to replace it with another command,
or  <return>  to continue without it.

)
! Emergency stop.
<*> temp.tex
            
*** (job aborted, no legal \end found)

 
Here is how much of TeX's memory you used:
 9 strings out of 493938
 79 string characters out of 6151978
 54899 words of memory out of 5000000
 3413 multiletter control sequences out of 15000+600000
 3640 words of font info for 14 fonts, out of 8000000 for 9000
 1144 hyphenation exceptions out of 8191
 19i,8n,12p,227b,116s stack positions out of 5000i,500n,10000p,200000b,80000s
No pages of output.
