This is XeTeX, Version 3.1415926-2.5-0.9999.3 (TeX Live 2013/W32TeX) (format=xelatex 2018.3.1)  15 JUN 2018 23:48
entering extended mode
 restricted \write18 enabled.
 %&-line parsing enabled.
**Thesis_Info.tex
(./Thesis_Info.tex
LaTeX2e <2011/06/27>
Babel <3.9f> and hyphenation patterns for 78 languages loaded.
)
! Emergency stop.
<*> Thesis_Info.tex
                   
*** (job aborted, no legal \end found)

 
Here is how much of TeX's memory you used:
 25 strings out of 493938
 255 string characters out of 6151978
 51899 words of memory out of 5000000
 3429 multiletter control sequences out of 15000+600000
 3640 words of font info for 14 fonts, out of 8000000 for 9000
 1144 hyphenation exceptions out of 8191
 7i,0n,6p,112b,8s stack positions out of 5000i,500n,10000p,200000b,80000s
No pages of output.
